<?xml version="1.0" encoding="UTF-8"?>
<!-- Generated by org.testng.reporters.JUnitXMLReporter -->
<testsuite ignored="0" hostname="Dell-Inspiron-5570" failures="0" tests="4" name="Test" time="41.427" errors="0" timestamp="2019-11-13T14:47:29 CET">
  <testcase classname="udemy.ValidateNavBar" name="basePageNavigation" time="0.068"/>
  <testcase classname="udemy.ValidateTitle" name="basePageNavigation" time="0.032"/>
  <testcase classname="udemy.HomePage" name="basePageNavigation" time="1.93"/>
  <testcase classname="udemy.HomePage" name="basePageNavigation" time="1.548"/>
</testsuite> <!-- Test -->
