<?xml version="1.0" encoding="UTF-8"?>
<!-- Generated by org.testng.reporters.JUnitXMLReporter -->
<testsuite hostname="Dell-Inspiron-5570" ignored="0" name="Validating title" tests="2" failures="0" timestamp="2019-12-17T18:39:29 CET" time="0.012" errors="0">
  <testcase name="validateHeader" time="0.0" classname="udemy.ValidateTitle">
    <skipped/>
  </testcase> <!-- validateHeader -->
  <testcase name="validateTitleTest" time="0.0" classname="udemy.ValidateTitle">
    <skipped/>
  </testcase> <!-- validateTitleTest -->
</testsuite> <!-- Validating title -->
