<?xml version="1.0" encoding="UTF-8"?>
<!-- Generated by org.testng.reporters.JUnitXMLReporter -->
<testsuite hostname="Dell-Inspiron-5570" ignored="0" name="Validating login" tests="2" failures="0" timestamp="2019-12-17T18:39:29 CET" time="0.01" errors="0">
  <testcase name="@BeforeTest initialize" time="0.001" classname="udemy.HomePage">
    <failure type="java.lang.NullPointerException">
      <![CDATA[java.lang.NullPointerException
at resources.Base.initializeDriver(Base.java:44)
at udemy.HomePage.initialize(HomePage.java:24)
... Removed 24 stack frames]]>
    </failure>
  </testcase> <!-- @BeforeTest initialize -->
  <testcase name="@AfterTest tearDown" time="-1.576604369893E9" classname="udemy.HomePage">
    <skipped/>
  </testcase> <!-- @AfterTest tearDown -->
  <testcase name="loginPageTest" time="0.0" classname="udemy.HomePage">
    <skipped/>
  </testcase> <!-- loginPageTest -->
  <testcase name="loginPageTest" time="0.0" classname="udemy.HomePage">
    <skipped/>
  </testcase> <!-- loginPageTest -->
</testsuite> <!-- Validating login -->
