<?xml version="1.0" encoding="UTF-8"?>
<testng-results skipped="0" failed="0" ignored="0" total="5" passed="5">
  <reporter-output>
  </reporter-output>
  <suite name="Suite" duration-ms="32173" started-at="2019-12-19T14:07:48 CET" finished-at="2019-12-19T14:08:20 CET">
    <groups>
    </groups>
    <test name="Validating nav bar" duration-ms="9201" started-at="2019-12-19T14:07:48 CET" finished-at="2019-12-19T14:07:57 CET">
      <class name="udemy.ValidateNavBar">
        <test-method status="PASS" signature="initialize()[pri:0, instance:udemy.ValidateNavBar@769e7ee8]" name="initialize" is-config="true" duration-ms="9041" started-at="2019-12-19T14:07:48 CET" finished-at="2019-12-19T14:07:57 CET">
          <reporter-output>
          </reporter-output>
        </test-method> <!-- initialize -->
        <test-method status="PASS" signature="validateNavBarTest()[pri:0, instance:udemy.ValidateNavBar@769e7ee8]" name="validateNavBarTest" duration-ms="80" started-at="2019-12-19T14:07:57 CET" finished-at="2019-12-19T14:07:57 CET">
          <reporter-output>
          </reporter-output>
        </test-method> <!-- validateNavBarTest -->
        <test-method status="PASS" signature="tearDown()[pri:0, instance:udemy.ValidateNavBar@769e7ee8]" name="tearDown" is-config="true" duration-ms="56" started-at="2019-12-19T14:07:57 CET" finished-at="2019-12-19T14:07:57 CET">
          <reporter-output>
          </reporter-output>
        </test-method> <!-- tearDown -->
      </class> <!-- udemy.ValidateNavBar -->
    </test> <!-- Validating nav bar -->
    <test name="Validating title" duration-ms="8342" started-at="2019-12-19T14:07:57 CET" finished-at="2019-12-19T14:08:05 CET">
      <class name="udemy.ValidateTitle">
        <test-method status="PASS" signature="initialize()[pri:0, instance:udemy.ValidateTitle@3967e60c]" name="initialize" is-config="true" duration-ms="8213" started-at="2019-12-19T14:07:57 CET" finished-at="2019-12-19T14:08:05 CET">
          <reporter-output>
          </reporter-output>
        </test-method> <!-- initialize -->
        <test-method status="PASS" signature="validateHeader()[pri:0, instance:udemy.ValidateTitle@3967e60c]" name="validateHeader" duration-ms="42" started-at="2019-12-19T14:08:05 CET" finished-at="2019-12-19T14:08:05 CET">
          <reporter-output>
          </reporter-output>
        </test-method> <!-- validateHeader -->
        <test-method status="PASS" signature="validateTitleTest()[pri:0, instance:udemy.ValidateTitle@3967e60c]" name="validateTitleTest" duration-ms="32" started-at="2019-12-19T14:08:05 CET" finished-at="2019-12-19T14:08:05 CET">
          <reporter-output>
          </reporter-output>
        </test-method> <!-- validateTitleTest -->
        <test-method status="PASS" signature="tearDown()[pri:0, instance:udemy.ValidateTitle@3967e60c]" name="tearDown" is-config="true" duration-ms="52" started-at="2019-12-19T14:08:05 CET" finished-at="2019-12-19T14:08:05 CET">
          <reporter-output>
          </reporter-output>
        </test-method> <!-- tearDown -->
      </class> <!-- udemy.ValidateTitle -->
    </test> <!-- Validating title -->
    <test name="Validating login" duration-ms="14517" started-at="2019-12-19T14:08:06 CET" finished-at="2019-12-19T14:08:20 CET">
      <class name="udemy.HomePage">
        <test-method status="PASS" signature="initialize()[pri:0, instance:udemy.HomePage@65466a6a]" name="initialize" is-config="true" duration-ms="11332" started-at="2019-12-19T14:08:06 CET" finished-at="2019-12-19T14:08:17 CET">
          <reporter-output>
          </reporter-output>
        </test-method> <!-- initialize -->
        <test-method status="PASS" signature="loginPageTest(java.lang.String, java.lang.String)[pri:0, instance:udemy.HomePage@65466a6a]" name="loginPageTest" duration-ms="1585" started-at="2019-12-19T14:08:17 CET" data-provider="getData" finished-at="2019-12-19T14:08:18 CET">
          <params>
            <param index="0">
              <value>
                <![CDATA[nonerestricteduser@qw.com]]>
              </value>
            </param>
            <param index="1">
              <value>
                <![CDATA[123456]]>
              </value>
            </param>
          </params>
          <reporter-output>
          </reporter-output>
        </test-method> <!-- loginPageTest -->
        <test-method status="PASS" signature="loginPageTest(java.lang.String, java.lang.String)[pri:0, instance:udemy.HomePage@65466a6a]" name="loginPageTest" duration-ms="1531" started-at="2019-12-19T14:08:18 CET" data-provider="getData" finished-at="2019-12-19T14:08:20 CET">
          <params>
            <param index="0">
              <value>
                <![CDATA[restricteduser@qw.com]]>
              </value>
            </param>
            <param index="1">
              <value>
                <![CDATA[456789]]>
              </value>
            </param>
          </params>
          <reporter-output>
          </reporter-output>
        </test-method> <!-- loginPageTest -->
        <test-method status="PASS" signature="tearDown()[pri:0, instance:udemy.HomePage@65466a6a]" name="tearDown" is-config="true" duration-ms="61" started-at="2019-12-19T14:08:20 CET" finished-at="2019-12-19T14:08:20 CET">
          <reporter-output>
          </reporter-output>
        </test-method> <!-- tearDown -->
      </class> <!-- udemy.HomePage -->
    </test> <!-- Validating login -->
  </suite> <!-- Suite -->
</testng-results>
