<?xml version="1.0" encoding="UTF-8"?>
<testng-results ignored="0" total="5" passed="5" failed="0" skipped="0">
  <reporter-output>
  </reporter-output>
  <suite started-at="2019-11-20T21:16:13 CET" name="Suite" finished-at="2019-11-20T21:17:03 CET" duration-ms="50016">
    <groups>
    </groups>
    <test started-at="2019-11-20T21:16:13 CET" name="App Testing" finished-at="2019-11-20T21:16:13 CET" duration-ms="0">
    </test> <!-- App Testing -->
    <test started-at="2019-11-20T21:16:13 CET" name="Validating nav bar" finished-at="2019-11-20T21:16:28 CET" duration-ms="14751">
      <class name="udemy.ValidateNavBar">
        <test-method is-config="true" signature="initialize()[pri:0, instance:udemy.ValidateNavBar@183e8023]" started-at="2019-11-20T21:16:13 CET" name="initialize" finished-at="2019-11-20T21:16:28 CET" duration-ms="14519" status="PASS">
          <reporter-output>
          </reporter-output>
        </test-method> <!-- initialize -->
        <test-method signature="validateNavBarTest()[pri:0, instance:udemy.ValidateNavBar@183e8023]" started-at="2019-11-20T21:16:28 CET" name="validateNavBarTest" finished-at="2019-11-20T21:16:28 CET" duration-ms="96" status="PASS">
          <reporter-output>
          </reporter-output>
        </test-method> <!-- validateNavBarTest -->
        <test-method is-config="true" signature="tearDown()[pri:0, instance:udemy.ValidateNavBar@183e8023]" started-at="2019-11-20T21:16:28 CET" name="tearDown" finished-at="2019-11-20T21:16:28 CET" duration-ms="108" status="PASS">
          <reporter-output>
          </reporter-output>
        </test-method> <!-- tearDown -->
      </class> <!-- udemy.ValidateNavBar -->
    </test> <!-- Validating nav bar -->
    <test started-at="2019-11-20T21:16:28 CET" name="Validating title" finished-at="2019-11-20T21:16:42 CET" duration-ms="13986">
      <class name="udemy.ValidateTitle">
        <test-method is-config="true" signature="initialize()[pri:0, instance:udemy.ValidateTitle@792bbc74]" started-at="2019-11-20T21:16:28 CET" name="initialize" finished-at="2019-11-20T21:16:42 CET" duration-ms="13782" status="PASS">
          <reporter-output>
          </reporter-output>
        </test-method> <!-- initialize -->
        <test-method signature="validateHeader()[pri:0, instance:udemy.ValidateTitle@792bbc74]" started-at="2019-11-20T21:16:42 CET" name="validateHeader" finished-at="2019-11-20T21:16:42 CET" duration-ms="60" status="PASS">
          <reporter-output>
          </reporter-output>
        </test-method> <!-- validateHeader -->
        <test-method signature="validateTitleTest()[pri:0, instance:udemy.ValidateTitle@792bbc74]" started-at="2019-11-20T21:16:42 CET" name="validateTitleTest" finished-at="2019-11-20T21:16:42 CET" duration-ms="48" status="PASS">
          <reporter-output>
          </reporter-output>
        </test-method> <!-- validateTitleTest -->
        <test-method is-config="true" signature="tearDown()[pri:0, instance:udemy.ValidateTitle@792bbc74]" started-at="2019-11-20T21:16:42 CET" name="tearDown" finished-at="2019-11-20T21:16:42 CET" duration-ms="96" status="PASS">
          <reporter-output>
          </reporter-output>
        </test-method> <!-- tearDown -->
      </class> <!-- udemy.ValidateTitle -->
    </test> <!-- Validating title -->
    <test started-at="2019-11-20T21:16:42 CET" name="Validating login" finished-at="2019-11-20T21:17:03 CET" duration-ms="21108">
      <class name="udemy.HomePage">
        <test-method is-config="true" signature="initialize()[pri:0, instance:udemy.HomePage@58359ebd]" started-at="2019-11-20T21:16:42 CET" name="initialize" finished-at="2019-11-20T21:16:59 CET" duration-ms="17009" status="PASS">
          <reporter-output>
          </reporter-output>
        </test-method> <!-- initialize -->
        <test-method signature="loginPageTest(java.lang.String, java.lang.String)[pri:0, instance:udemy.HomePage@58359ebd]" started-at="2019-11-20T21:16:59 CET" name="loginPageTest" data-provider="getData" finished-at="2019-11-20T21:17:01 CET" duration-ms="2051" status="PASS">
          <params>
            <param index="0">
              <value>
                <![CDATA[nonerestricteduser@qw.com]]>
              </value>
            </param>
            <param index="1">
              <value>
                <![CDATA[123456]]>
              </value>
            </param>
          </params>
          <reporter-output>
          </reporter-output>
        </test-method> <!-- loginPageTest -->
        <test-method signature="loginPageTest(java.lang.String, java.lang.String)[pri:0, instance:udemy.HomePage@58359ebd]" started-at="2019-11-20T21:17:01 CET" name="loginPageTest" data-provider="getData" finished-at="2019-11-20T21:17:03 CET" duration-ms="1936" status="PASS">
          <params>
            <param index="0">
              <value>
                <![CDATA[restricteduser@qw.com]]>
              </value>
            </param>
            <param index="1">
              <value>
                <![CDATA[456789]]>
              </value>
            </param>
          </params>
          <reporter-output>
          </reporter-output>
        </test-method> <!-- loginPageTest -->
        <test-method is-config="true" signature="tearDown()[pri:0, instance:udemy.HomePage@58359ebd]" started-at="2019-11-20T21:17:03 CET" name="tearDown" finished-at="2019-11-20T21:17:03 CET" duration-ms="104" status="PASS">
          <reporter-output>
          </reporter-output>
        </test-method> <!-- tearDown -->
      </class> <!-- udemy.HomePage -->
    </test> <!-- Validating login -->
  </suite> <!-- Suite -->
</testng-results>
